2025-11-12T11:47:04.981+04:00  INFO 20024 --- [main] az.dsa.chatbot.DsaChatbotApplication     : Starting DsaChatbotApplication using Java 21.0.3 with PID 20024 (C:\Users\Ogtay Safaraliyev\git\DSAChatbotApp\DsaChatbotApplication\target\classes started by Ogtay Safaraliyev in C:\Users\Ogtay Safaraliyev\git\DSAChatbotApp\DsaChatbotApplication)
2025-11-12T11:47:04.986+04:00  INFO 20024 --- [main] az.dsa.chatbot.DsaChatbotApplication     : No active profile set, falling back to 1 default profile: "default"
2025-11-12T11:47:05.782+04:00  INFO 20024 --- [main] .s.d.r.c.RepositoryConfigurationDelegate : Bootstrapping Spring Data JPA repositories in DEFAULT mode.
2025-11-12T11:47:05.849+04:00  INFO 20024 --- [main] .s.d.r.c.RepositoryConfigurationDelegate : Finished Spring Data repository scanning in 59 ms. Found 11 JPA repository interfaces.
2025-11-12T11:47:06.292+04:00  INFO 20024 --- [main] o.s.b.w.embedded.tomcat.TomcatWebServer  : Tomcat initialized with port(s): 8081 (http)
2025-11-12T11:47:06.300+04:00  INFO 20024 --- [main] o.apache.catalina.core.StandardService   : Starting service [Tomcat]
2025-11-12T11:47:06.300+04:00  INFO 20024 --- [main] o.apache.catalina.core.StandardEngine    : Starting Servlet engine: [Apache Tomcat/10.1.8]
2025-11-12T11:47:06.386+04:00  INFO 20024 --- [main] o.a.c.c.C.[Tomcat].[localhost].[/]       : Initializing Spring embedded WebApplicationContext
2025-11-12T11:47:06.386+04:00  INFO 20024 --- [main] w.s.c.ServletWebServerApplicationContext : Root WebApplicationContext: initialization completed in 1364 ms
2025-11-12T11:47:06.569+04:00  INFO 20024 --- [main] o.hibernate.jpa.internal.util.LogHelper  : HHH000204: Processing PersistenceUnitInfo [name: default]
2025-11-12T11:47:06.626+04:00  INFO 20024 --- [main] org.hibernate.Version                    : HHH000412: Hibernate ORM core version 6.2.2.Final
2025-11-12T11:47:06.628+04:00  INFO 20024 --- [main] org.hibernate.cfg.Environment            : HHH000406: Using bytecode reflection optimizer
2025-11-12T11:47:06.753+04:00  INFO 20024 --- [main] o.h.b.i.BytecodeProviderInitiator        : HHH000021: Bytecode provider name : bytebuddy
2025-11-12T11:47:06.877+04:00  INFO 20024 --- [main] o.s.o.j.p.SpringPersistenceUnitInfo      : No LoadTimeWeaver setup: ignoring JPA class transformer
2025-11-12T11:47:06.892+04:00  INFO 20024 --- [main] com.zaxxer.hikari.HikariDataSource       : HikariPool-1 - Starting...
2025-11-12T11:47:07.024+04:00  INFO 20024 --- [main] com.zaxxer.hikari.pool.HikariPool        : HikariPool-1 - Added connection org.postgresql.jdbc.PgConnection@26cdd4af
2025-11-12T11:47:07.025+04:00  INFO 20024 --- [main] com.zaxxer.hikari.HikariDataSource       : HikariPool-1 - Start completed.
2025-11-12T11:47:07.056+04:00  INFO 20024 --- [main] org.hibernate.orm.dialect                : HHH035001: Using dialect: org.hibernate.dialect.PostgreSQLDialect, version: org.hibernate.engine.jdbc.env.internal.JdbcEnvironmentInitiator$DialectResolutionInfoImpl@c1a74d
2025-11-12T11:47:07.287+04:00  INFO 20024 --- [main] o.h.b.i.BytecodeProviderInitiator        : HHH000021: Bytecode provider name : bytebuddy
2025-11-12T11:47:07.936+04:00  INFO 20024 --- [main] o.h.e.t.j.p.i.JtaPlatformInitiator       : HHH000490: Using JtaPlatform implementation: [org.hibernate.engine.transaction.jta.platform.internal.NoJtaPlatform]
2025-11-12T11:47:07.992+04:00 DEBUG 20024 --- [main] org.hibernate.SQL                        : 
    alter table if exists dsa_chatbot_db.bootcamp_types 
       alter column created_at set data type timestamp(6)
2025-11-12T11:47:08.002+04:00 DEBUG 20024 --- [main] org.hibernate.SQL                        : 
    alter table if exists dsa_chatbot_db.bootcamp_types 
       alter column updated_at set data type timestamp(6)
2025-11-12T11:47:08.003+04:00 DEBUG 20024 --- [main] org.hibernate.SQL                        : 
    alter table if exists dsa_chatbot_db.bootcamps 
       alter column created_at set data type timestamp(6)
2025-11-12T11:47:08.003+04:00 DEBUG 20024 --- [main] org.hibernate.SQL                        : 
    alter table if exists dsa_chatbot_db.bootcamps 
       alter column updated_at set data type timestamp(6)
2025-11-12T11:47:08.004+04:00 DEBUG 20024 --- [main] org.hibernate.SQL                        : 
    alter table if exists dsa_chatbot_db.chat_sessions 
       alter column conversation_history set data type JSONB
2025-11-12T11:47:08.005+04:00 DEBUG 20024 --- [main] org.hibernate.SQL                        : 
    alter table if exists dsa_chatbot_db.chat_sessions 
       alter column created_at set data type timestamp(6)
2025-11-12T11:47:08.005+04:00 DEBUG 20024 --- [main] org.hibernate.SQL                        : 
    alter table if exists dsa_chatbot_db.chat_sessions 
       alter column expires_at set data type timestamp(6)
2025-11-12T11:47:08.008+04:00 DEBUG 20024 --- [main] org.hibernate.SQL                        : 
    alter table if exists dsa_chatbot_db.chat_sessions 
       alter column last_activity set data type timestamp(6)
2025-11-12T11:47:08.009+04:00 DEBUG 20024 --- [main] org.hibernate.SQL                        : 
    alter table if exists dsa_chatbot_db.chat_sessions 
       alter column user_data set data type JSONB
2025-11-12T11:47:08.010+04:00 DEBUG 20024 --- [main] org.hibernate.SQL                        : 
    alter table if exists dsa_chatbot_db.faq 
       alter column answer set data type TEXT
2025-11-12T11:47:08.017+04:00 DEBUG 20024 --- [main] org.hibernate.SQL                        : 
    alter table if exists dsa_chatbot_db.faq 
       alter column answer_en set data type TEXT
2025-11-12T11:47:08.018+04:00 DEBUG 20024 --- [main] org.hibernate.SQL                        : 
    alter table if exists dsa_chatbot_db.faq 
       alter column created_at set data type timestamp(6)
2025-11-12T11:47:08.019+04:00 DEBUG 20024 --- [main] org.hibernate.SQL                        : 
    alter table if exists dsa_chatbot_db.faq 
       alter column question set data type TEXT
2025-11-12T11:47:08.021+04:00 DEBUG 20024 --- [main] org.hibernate.SQL                        : 
    alter table if exists dsa_chatbot_db.faq 
       alter column question_en set data type TEXT
2025-11-12T11:47:08.022+04:00 DEBUG 20024 --- [main] org.hibernate.SQL                        : 
    alter table if exists dsa_chatbot_db.faq 
       alter column updated_at set data type timestamp(6)
2025-11-12T11:47:08.023+04:00 DEBUG 20024 --- [main] org.hibernate.SQL                        : 
    alter table if exists dsa_chatbot_db.graduates 
       alter column created_at set data type timestamp(6)
2025-11-12T11:47:08.024+04:00 DEBUG 20024 --- [main] org.hibernate.SQL                        : 
    alter table if exists dsa_chatbot_db.leads 
       alter column created_at set data type timestamp(6)
2025-11-12T11:47:08.025+04:00 DEBUG 20024 --- [main] org.hibernate.SQL                        : 
    alter table if exists dsa_chatbot_db.leads 
       alter column message set data type TEXT
2025-11-12T11:47:08.025+04:00 DEBUG 20024 --- [main] org.hibernate.SQL                        : 
    alter table if exists dsa_chatbot_db.metinler 
       alter column certificates set data type TEXT
2025-11-12T11:47:08.026+04:00 DEBUG 20024 --- [main] org.hibernate.SQL                        : 
    alter table if exists dsa_chatbot_db.metinler 
       alter column created_at set data type timestamp(6)
2025-11-12T11:47:08.026+04:00 DEBUG 20024 --- [main] org.hibernate.SQL                        : 
    alter table if exists dsa_chatbot_db.metinler 
       alter column description set data type TEXT
2025-11-12T11:47:08.026+04:00 DEBUG 20024 --- [main] org.hibernate.SQL                        : 
    alter table if exists dsa_chatbot_db.metinler 
       alter column for_who set data type TEXT
2025-11-12T11:47:08.027+04:00 DEBUG 20024 --- [main] org.hibernate.SQL                        : 
    alter table if exists dsa_chatbot_db.metinler 
       alter column information set data type TEXT
2025-11-12T11:47:08.027+04:00 DEBUG 20024 --- [main] org.hibernate.SQL                        : 
    alter table if exists dsa_chatbot_db.metinler 
       alter column updated_at set data type timestamp(6)
2025-11-12T11:47:08.027+04:00 DEBUG 20024 --- [main] org.hibernate.SQL                        : 
    alter table if exists dsa_chatbot_db.trainers 
       alter column created_at set data type timestamp(6)
2025-11-12T11:47:08.028+04:00 DEBUG 20024 --- [main] org.hibernate.SQL                        : 
    alter table if exists dsa_chatbot_db.trainers 
       alter column info set data type TEXT
2025-11-12T11:47:08.028+04:00 DEBUG 20024 --- [main] org.hibernate.SQL                        : 
    alter table if exists dsa_chatbot_db.trainers 
       alter column updated_at set data type timestamp(6)
2025-11-12T11:47:08.029+04:00 DEBUG 20024 --- [main] org.hibernate.SQL                        : 
    alter table if exists dsa_chatbot_db.training_details 
       alter column certificates set data type TEXT
2025-11-12T11:47:08.029+04:00 DEBUG 20024 --- [main] org.hibernate.SQL                        : 
    alter table if exists dsa_chatbot_db.training_details 
       alter column created_at set data type timestamp(6)
2025-11-12T11:47:08.030+04:00 DEBUG 20024 --- [main] org.hibernate.SQL                        : 
    alter table if exists dsa_chatbot_db.training_details 
       alter column description set data type TEXT
2025-11-12T11:47:08.032+04:00 DEBUG 20024 --- [main] org.hibernate.SQL                        : 
    alter table if exists dsa_chatbot_db.training_details 
       alter column for_who set data type TEXT
2025-11-12T11:47:08.034+04:00 DEBUG 20024 --- [main] org.hibernate.SQL                        : 
    alter table if exists dsa_chatbot_db.training_details 
       alter column information set data type TEXT
2025-11-12T11:47:08.034+04:00 DEBUG 20024 --- [main] org.hibernate.SQL                        : 
    alter table if exists dsa_chatbot_db.training_details 
       alter column updated_at set data type timestamp(6)
2025-11-12T11:47:08.035+04:00 DEBUG 20024 --- [main] org.hibernate.SQL                        : 
    alter table if exists dsa_chatbot_db.training_sessions 
       alter column created_at set data type timestamp(6)
2025-11-12T11:47:08.036+04:00 DEBUG 20024 --- [main] org.hibernate.SQL                        : 
    alter table if exists dsa_chatbot_db.training_sessions 
       alter column session_hour set data type time(6)
2025-11-12T11:47:08.036+04:00 DEBUG 20024 --- [main] org.hibernate.SQL                        : 
    alter table if exists dsa_chatbot_db.training_sessions 
       alter column updated_at set data type timestamp(6)
2025-11-12T11:47:08.037+04:00 DEBUG 20024 --- [main] org.hibernate.SQL                        : 
    alter table if exists dsa_chatbot_db.trainings 
       alter column created_at set data type timestamp(6)
2025-11-12T11:47:08.038+04:00 DEBUG 20024 --- [main] org.hibernate.SQL                        : 
    alter table if exists dsa_chatbot_db.trainings 
       alter column updated_at set data type timestamp(6)
2025-11-12T11:47:08.093+04:00  INFO 20024 --- [main] j.LocalContainerEntityManagerFactoryBean : Initialized JPA EntityManagerFactory for persistence unit 'default'
2025-11-12T11:47:08.485+04:00  INFO 20024 --- [main] o.s.d.j.r.query.QueryEnhancerFactory     : Hibernate is in classpath; If applicable, HQL parser will be used.
2025-11-12T11:47:08.992+04:00  WARN 20024 --- [main] ConfigServletWebServerApplicationContext : Exception encountered during context initialization - cancelling refresh attempt: org.springframework.beans.factory.UnsatisfiedDependencyException: Error creating bean with name 'chatController': Unsatisfied dependency expressed through field 'chatService': Error creating bean with name 'chatServiceImpl': Unsatisfied dependency expressed through field 'trainerService': No qualifying bean of type 'az.dsa.chatbot.service.TrainerService' available: expected at least 1 bean which qualifies as autowire candidate. Dependency annotations: {@org.springframework.beans.factory.annotation.Autowired(required=true)}
2025-11-12T11:47:08.993+04:00  INFO 20024 --- [main] j.LocalContainerEntityManagerFactoryBean : Closing JPA EntityManagerFactory for persistence unit 'default'
2025-11-12T11:47:08.994+04:00  INFO 20024 --- [main] com.zaxxer.hikari.HikariDataSource       : HikariPool-1 - Shutdown initiated...
2025-11-12T11:47:08.996+04:00  INFO 20024 --- [main] com.zaxxer.hikari.HikariDataSource       : HikariPool-1 - Shutdown completed.
2025-11-12T11:47:08.997+04:00  INFO 20024 --- [main] o.apache.catalina.core.StandardService   : Stopping service [Tomcat]
2025-11-12T11:47:09.009+04:00  INFO 20024 --- [main] .s.b.a.l.ConditionEvaluationReportLogger : 

Error starting ApplicationContext. To display the condition evaluation report re-run your application with 'debug' enabled.
2025-11-12T11:47:09.028+04:00 ERROR 20024 --- [main] o.s.b.d.LoggingFailureAnalysisReporter   : 

***************************
APPLICATION FAILED TO START
***************************

Description:

Field trainerService in az.dsa.chatbot.service.impl.ChatServiceImpl required a bean of type 'az.dsa.chatbot.service.TrainerService' that could not be found.

The injection point has the following annotations:
	- @org.springframework.beans.factory.annotation.Autowired(required=true)


Action:

Consider defining a bean of type 'az.dsa.chatbot.service.TrainerService' in your configuration.

2025-11-12T11:48:35.447+04:00  INFO 6296 --- [main] az.dsa.chatbot.DsaChatbotApplication     : Starting DsaChatbotApplication using Java 21.0.3 with PID 6296 (C:\Users\Ogtay Safaraliyev\git\DSAChatbotApp\DsaChatbotApplication\target\classes started by Ogtay Safaraliyev in C:\Users\Ogtay Safaraliyev\git\DSAChatbotApp\DsaChatbotApplication)
2025-11-12T11:48:35.449+04:00  INFO 6296 --- [main] az.dsa.chatbot.DsaChatbotApplication     : No active profile set, falling back to 1 default profile: "default"
2025-11-12T11:48:36.121+04:00  INFO 6296 --- [main] .s.d.r.c.RepositoryConfigurationDelegate : Bootstrapping Spring Data JPA repositories in DEFAULT mode.
2025-11-12T11:48:36.185+04:00  INFO 6296 --- [main] .s.d.r.c.RepositoryConfigurationDelegate : Finished Spring Data repository scanning in 58 ms. Found 11 JPA repository interfaces.
2025-11-12T11:48:36.579+04:00  INFO 6296 --- [main] o.s.b.w.embedded.tomcat.TomcatWebServer  : Tomcat initialized with port(s): 8081 (http)
2025-11-12T11:48:36.586+04:00  INFO 6296 --- [main] o.apache.catalina.core.StandardService   : Starting service [Tomcat]
2025-11-12T11:48:36.586+04:00  INFO 6296 --- [main] o.apache.catalina.core.StandardEngine    : Starting Servlet engine: [Apache Tomcat/10.1.8]
2025-11-12T11:48:36.665+04:00  INFO 6296 --- [main] o.a.c.c.C.[Tomcat].[localhost].[/]       : Initializing Spring embedded WebApplicationContext
2025-11-12T11:48:36.665+04:00  INFO 6296 --- [main] w.s.c.ServletWebServerApplicationContext : Root WebApplicationContext: initialization completed in 1186 ms
2025-11-12T11:48:36.827+04:00  INFO 6296 --- [main] o.hibernate.jpa.internal.util.LogHelper  : HHH000204: Processing PersistenceUnitInfo [name: default]
2025-11-12T11:48:36.868+04:00  INFO 6296 --- [main] org.hibernate.Version                    : HHH000412: Hibernate ORM core version 6.2.2.Final
2025-11-12T11:48:36.870+04:00  INFO 6296 --- [main] org.hibernate.cfg.Environment            : HHH000406: Using bytecode reflection optimizer
2025-11-12T11:48:36.972+04:00  INFO 6296 --- [main] o.h.b.i.BytecodeProviderInitiator        : HHH000021: Bytecode provider name : bytebuddy
2025-11-12T11:48:37.070+04:00  INFO 6296 --- [main] o.s.o.j.p.SpringPersistenceUnitInfo      : No LoadTimeWeaver setup: ignoring JPA class transformer
2025-11-12T11:48:37.083+04:00  INFO 6296 --- [main] com.zaxxer.hikari.HikariDataSource       : HikariPool-1 - Starting...
2025-11-12T11:48:37.217+04:00  INFO 6296 --- [main] com.zaxxer.hikari.pool.HikariPool        : HikariPool-1 - Added connection org.postgresql.jdbc.PgConnection@19d3f6ad
2025-11-12T11:48:37.219+04:00  INFO 6296 --- [main] com.zaxxer.hikari.HikariDataSource       : HikariPool-1 - Start completed.
2025-11-12T11:48:37.243+04:00  INFO 6296 --- [main] org.hibernate.orm.dialect                : HHH035001: Using dialect: org.hibernate.dialect.PostgreSQLDialect, version: org.hibernate.engine.jdbc.env.internal.JdbcEnvironmentInitiator$DialectResolutionInfoImpl@73234691
2025-11-12T11:48:37.436+04:00  INFO 6296 --- [main] o.h.b.i.BytecodeProviderInitiator        : HHH000021: Bytecode provider name : bytebuddy
2025-11-12T11:48:38.047+04:00  INFO 6296 --- [main] o.h.e.t.j.p.i.JtaPlatformInitiator       : HHH000490: Using JtaPlatform implementation: [org.hibernate.engine.transaction.jta.platform.internal.NoJtaPlatform]
2025-11-12T11:48:38.088+04:00 DEBUG 6296 --- [main] org.hibernate.SQL                        : 
    alter table if exists dsa_chatbot_db.bootcamp_types 
       alter column created_at set data type timestamp(6)
2025-11-12T11:48:38.089+04:00 DEBUG 6296 --- [main] org.hibernate.SQL                        : 
    alter table if exists dsa_chatbot_db.bootcamp_types 
       alter column updated_at set data type timestamp(6)
2025-11-12T11:48:38.090+04:00 DEBUG 6296 --- [main] org.hibernate.SQL                        : 
    alter table if exists dsa_chatbot_db.bootcamps 
       alter column created_at set data type timestamp(6)
2025-11-12T11:48:38.091+04:00 DEBUG 6296 --- [main] org.hibernate.SQL                        : 
    alter table if exists dsa_chatbot_db.bootcamps 
       alter column updated_at set data type timestamp(6)
2025-11-12T11:48:38.091+04:00 DEBUG 6296 --- [main] org.hibernate.SQL                        : 
    alter table if exists dsa_chatbot_db.chat_sessions 
       alter column conversation_history set data type JSONB
2025-11-12T11:48:38.092+04:00 DEBUG 6296 --- [main] org.hibernate.SQL                        : 
    alter table if exists dsa_chatbot_db.chat_sessions 
       alter column created_at set data type timestamp(6)
2025-11-12T11:48:38.092+04:00 DEBUG 6296 --- [main] org.hibernate.SQL                        : 
    alter table if exists dsa_chatbot_db.chat_sessions 
       alter column expires_at set data type timestamp(6)
2025-11-12T11:48:38.094+04:00 DEBUG 6296 --- [main] org.hibernate.SQL                        : 
    alter table if exists dsa_chatbot_db.chat_sessions 
       alter column last_activity set data type timestamp(6)
2025-11-12T11:48:38.094+04:00 DEBUG 6296 --- [main] org.hibernate.SQL                        : 
    alter table if exists dsa_chatbot_db.chat_sessions 
       alter column user_data set data type JSONB
2025-11-12T11:48:38.095+04:00 DEBUG 6296 --- [main] org.hibernate.SQL                        : 
    alter table if exists dsa_chatbot_db.faq 
       alter column answer set data type TEXT
2025-11-12T11:48:38.098+04:00 DEBUG 6296 --- [main] org.hibernate.SQL                        : 
    alter table if exists dsa_chatbot_db.faq 
       alter column answer_en set data type TEXT
2025-11-12T11:48:38.099+04:00 DEBUG 6296 --- [main] org.hibernate.SQL                        : 
    alter table if exists dsa_chatbot_db.faq 
       alter column created_at set data type timestamp(6)
2025-11-12T11:48:38.100+04:00 DEBUG 6296 --- [main] org.hibernate.SQL                        : 
    alter table if exists dsa_chatbot_db.faq 
       alter column question set data type TEXT
2025-11-12T11:48:38.102+04:00 DEBUG 6296 --- [main] org.hibernate.SQL                        : 
    alter table if exists dsa_chatbot_db.faq 
       alter column question_en set data type TEXT
2025-11-12T11:48:38.103+04:00 DEBUG 6296 --- [main] org.hibernate.SQL                        : 
    alter table if exists dsa_chatbot_db.faq 
       alter column updated_at set data type timestamp(6)
2025-11-12T11:48:38.103+04:00 DEBUG 6296 --- [main] org.hibernate.SQL                        : 
    alter table if exists dsa_chatbot_db.graduates 
       alter column created_at set data type timestamp(6)
2025-11-12T11:48:38.104+04:00 DEBUG 6296 --- [main] org.hibernate.SQL                        : 
    alter table if exists dsa_chatbot_db.leads 
       alter column created_at set data type timestamp(6)
2025-11-12T11:48:38.105+04:00 DEBUG 6296 --- [main] org.hibernate.SQL                        : 
    alter table if exists dsa_chatbot_db.leads 
       alter column message set data type TEXT
2025-11-12T11:48:38.106+04:00 DEBUG 6296 --- [main] org.hibernate.SQL                        : 
    alter table if exists dsa_chatbot_db.metinler 
       alter column certificates set data type TEXT
2025-11-12T11:48:38.106+04:00 DEBUG 6296 --- [main] org.hibernate.SQL                        : 
    alter table if exists dsa_chatbot_db.metinler 
       alter column created_at set data type timestamp(6)
2025-11-12T11:48:38.106+04:00 DEBUG 6296 --- [main] org.hibernate.SQL                        : 
    alter table if exists dsa_chatbot_db.metinler 
       alter column description set data type TEXT
2025-11-12T11:48:38.107+04:00 DEBUG 6296 --- [main] org.hibernate.SQL                        : 
    alter table if exists dsa_chatbot_db.metinler 
       alter column for_who set data type TEXT
2025-11-12T11:48:38.107+04:00 DEBUG 6296 --- [main] org.hibernate.SQL                        : 
    alter table if exists dsa_chatbot_db.metinler 
       alter column information set data type TEXT
2025-11-12T11:48:38.107+04:00 DEBUG 6296 --- [main] org.hibernate.SQL                        : 
    alter table if exists dsa_chatbot_db.metinler 
       alter column updated_at set data type timestamp(6)
2025-11-12T11:48:38.108+04:00 DEBUG 6296 --- [main] org.hibernate.SQL                        : 
    alter table if exists dsa_chatbot_db.trainers 
       alter column created_at set data type timestamp(6)
2025-11-12T11:48:38.108+04:00 DEBUG 6296 --- [main] org.hibernate.SQL                        : 
    alter table if exists dsa_chatbot_db.trainers 
       alter column info set data type TEXT
2025-11-12T11:48:38.109+04:00 DEBUG 6296 --- [main] org.hibernate.SQL                        : 
    alter table if exists dsa_chatbot_db.trainers 
       alter column updated_at set data type timestamp(6)
2025-11-12T11:48:38.109+04:00 DEBUG 6296 --- [main] org.hibernate.SQL                        : 
    alter table if exists dsa_chatbot_db.training_details 
       alter column certificates set data type TEXT
2025-11-12T11:48:38.110+04:00 DEBUG 6296 --- [main] org.hibernate.SQL                        : 
    alter table if exists dsa_chatbot_db.training_details 
       alter column created_at set data type timestamp(6)
2025-11-12T11:48:38.110+04:00 DEBUG 6296 --- [main] org.hibernate.SQL                        : 
    alter table if exists dsa_chatbot_db.training_details 
       alter column description set data type TEXT
2025-11-12T11:48:38.112+04:00 DEBUG 6296 --- [main] org.hibernate.SQL                        : 
    alter table if exists dsa_chatbot_db.training_details 
       alter column for_who set data type TEXT
2025-11-12T11:48:38.112+04:00 DEBUG 6296 --- [main] org.hibernate.SQL                        : 
    alter table if exists dsa_chatbot_db.training_details 
       alter column information set data type TEXT
2025-11-12T11:48:38.113+04:00 DEBUG 6296 --- [main] org.hibernate.SQL                        : 
    alter table if exists dsa_chatbot_db.training_details 
       alter column updated_at set data type timestamp(6)
2025-11-12T11:48:38.114+04:00 DEBUG 6296 --- [main] org.hibernate.SQL                        : 
    alter table if exists dsa_chatbot_db.training_sessions 
       alter column created_at set data type timestamp(6)
2025-11-12T11:48:38.114+04:00 DEBUG 6296 --- [main] org.hibernate.SQL                        : 
    alter table if exists dsa_chatbot_db.training_sessions 
       alter column session_hour set data type time(6)
2025-11-12T11:48:38.114+04:00 DEBUG 6296 --- [main] org.hibernate.SQL                        : 
    alter table if exists dsa_chatbot_db.training_sessions 
       alter column updated_at set data type timestamp(6)
2025-11-12T11:48:38.115+04:00 DEBUG 6296 --- [main] org.hibernate.SQL                        : 
    alter table if exists dsa_chatbot_db.trainings 
       alter column created_at set data type timestamp(6)
2025-11-12T11:48:38.116+04:00 DEBUG 6296 --- [main] org.hibernate.SQL                        : 
    alter table if exists dsa_chatbot_db.trainings 
       alter column updated_at set data type timestamp(6)
2025-11-12T11:48:38.171+04:00  INFO 6296 --- [main] j.LocalContainerEntityManagerFactoryBean : Initialized JPA EntityManagerFactory for persistence unit 'default'
2025-11-12T11:48:38.520+04:00  INFO 6296 --- [main] o.s.d.j.r.query.QueryEnhancerFactory     : Hibernate is in classpath; If applicable, HQL parser will be used.
2025-11-12T11:48:38.989+04:00  WARN 6296 --- [main] ConfigServletWebServerApplicationContext : Exception encountered during context initialization - cancelling refresh attempt: org.springframework.beans.factory.UnsatisfiedDependencyException: Error creating bean with name 'chatController': Unsatisfied dependency expressed through field 'chatService': Error creating bean with name 'chatServiceImpl': Unsatisfied dependency expressed through field 'trainerService': No qualifying bean of type 'az.dsa.chatbot.service.TrainerService' available: expected at least 1 bean which qualifies as autowire candidate. Dependency annotations: {@org.springframework.beans.factory.annotation.Autowired(required=true)}
2025-11-12T11:48:38.989+04:00  INFO 6296 --- [main] j.LocalContainerEntityManagerFactoryBean : Closing JPA EntityManagerFactory for persistence unit 'default'
2025-11-12T11:48:38.991+04:00  INFO 6296 --- [main] com.zaxxer.hikari.HikariDataSource       : HikariPool-1 - Shutdown initiated...
2025-11-12T11:48:38.993+04:00  INFO 6296 --- [main] com.zaxxer.hikari.HikariDataSource       : HikariPool-1 - Shutdown completed.
2025-11-12T11:48:38.994+04:00  INFO 6296 --- [main] o.apache.catalina.core.StandardService   : Stopping service [Tomcat]
2025-11-12T11:48:39.007+04:00  INFO 6296 --- [main] .s.b.a.l.ConditionEvaluationReportLogger : 

Error starting ApplicationContext. To display the condition evaluation report re-run your application with 'debug' enabled.
2025-11-12T11:48:39.024+04:00 ERROR 6296 --- [main] o.s.b.d.LoggingFailureAnalysisReporter   : 

***************************
APPLICATION FAILED TO START
***************************

Description:

Field trainerService in az.dsa.chatbot.service.impl.ChatServiceImpl required a bean of type 'az.dsa.chatbot.service.TrainerService' that could not be found.

The injection point has the following annotations:
	- @org.springframework.beans.factory.annotation.Autowired(required=true)


Action:

Consider defining a bean of type 'az.dsa.chatbot.service.TrainerService' in your configuration.

2025-11-12T11:48:54.323+04:00  INFO 29484 --- [main] az.dsa.chatbot.DsaChatbotApplication     : Starting DsaChatbotApplication using Java 21.0.3 with PID 29484 (C:\Users\Ogtay Safaraliyev\git\DSAChatbotApp\DsaChatbotApplication\target\classes started by Ogtay Safaraliyev in C:\Users\Ogtay Safaraliyev\git\DSAChatbotApp\DsaChatbotApplication)
2025-11-12T11:48:54.324+04:00  INFO 29484 --- [main] az.dsa.chatbot.DsaChatbotApplication     : No active profile set, falling back to 1 default profile: "default"
2025-11-12T11:48:54.983+04:00  INFO 29484 --- [main] .s.d.r.c.RepositoryConfigurationDelegate : Bootstrapping Spring Data JPA repositories in DEFAULT mode.
2025-11-12T11:48:55.047+04:00  INFO 29484 --- [main] .s.d.r.c.RepositoryConfigurationDelegate : Finished Spring Data repository scanning in 57 ms. Found 11 JPA repository interfaces.
2025-11-12T11:48:55.441+04:00  INFO 29484 --- [main] o.s.b.w.embedded.tomcat.TomcatWebServer  : Tomcat initialized with port(s): 8081 (http)
2025-11-12T11:48:55.448+04:00  INFO 29484 --- [main] o.apache.catalina.core.StandardService   : Starting service [Tomcat]
2025-11-12T11:48:55.448+04:00  INFO 29484 --- [main] o.apache.catalina.core.StandardEngine    : Starting Servlet engine: [Apache Tomcat/10.1.8]
2025-11-12T11:48:55.528+04:00  INFO 29484 --- [main] o.a.c.c.C.[Tomcat].[localhost].[/]       : Initializing Spring embedded WebApplicationContext
2025-11-12T11:48:55.528+04:00  INFO 29484 --- [main] w.s.c.ServletWebServerApplicationContext : Root WebApplicationContext: initialization completed in 1175 ms
2025-11-12T11:48:55.689+04:00  INFO 29484 --- [main] o.hibernate.jpa.internal.util.LogHelper  : HHH000204: Processing PersistenceUnitInfo [name: default]
2025-11-12T11:48:55.730+04:00  INFO 29484 --- [main] org.hibernate.Version                    : HHH000412: Hibernate ORM core version 6.2.2.Final
2025-11-12T11:48:55.736+04:00  INFO 29484 --- [main] org.hibernate.cfg.Environment            : HHH000406: Using bytecode reflection optimizer
2025-11-12T11:48:55.835+04:00  INFO 29484 --- [main] o.h.b.i.BytecodeProviderInitiator        : HHH000021: Bytecode provider name : bytebuddy
2025-11-12T11:48:55.932+04:00  INFO 29484 --- [main] o.s.o.j.p.SpringPersistenceUnitInfo      : No LoadTimeWeaver setup: ignoring JPA class transformer
2025-11-12T11:48:55.945+04:00  INFO 29484 --- [main] com.zaxxer.hikari.HikariDataSource       : HikariPool-1 - Starting...
2025-11-12T11:48:56.065+04:00  INFO 29484 --- [main] com.zaxxer.hikari.pool.HikariPool        : HikariPool-1 - Added connection org.postgresql.jdbc.PgConnection@19e801b5
2025-11-12T11:48:56.066+04:00  INFO 29484 --- [main] com.zaxxer.hikari.HikariDataSource       : HikariPool-1 - Start completed.
2025-11-12T11:48:56.090+04:00  INFO 29484 --- [main] org.hibernate.orm.dialect                : HHH035001: Using dialect: org.hibernate.dialect.PostgreSQLDialect, version: org.hibernate.engine.jdbc.env.internal.JdbcEnvironmentInitiator$DialectResolutionInfoImpl@270b8c2a
2025-11-12T11:48:56.286+04:00  INFO 29484 --- [main] o.h.b.i.BytecodeProviderInitiator        : HHH000021: Bytecode provider name : bytebuddy
2025-11-12T11:48:56.895+04:00  INFO 29484 --- [main] o.h.e.t.j.p.i.JtaPlatformInitiator       : HHH000490: Using JtaPlatform implementation: [org.hibernate.engine.transaction.jta.platform.internal.NoJtaPlatform]
2025-11-12T11:48:56.935+04:00 DEBUG 29484 --- [main] org.hibernate.SQL                        : 
    alter table if exists dsa_chatbot_db.bootcamp_types 
       alter column created_at set data type timestamp(6)
2025-11-12T11:48:56.948+04:00 DEBUG 29484 --- [main] org.hibernate.SQL                        : 
    alter table if exists dsa_chatbot_db.bootcamp_types 
       alter column updated_at set data type timestamp(6)
2025-11-12T11:48:56.949+04:00 DEBUG 29484 --- [main] org.hibernate.SQL                        : 
    alter table if exists dsa_chatbot_db.bootcamps 
       alter column created_at set data type timestamp(6)
2025-11-12T11:48:56.950+04:00 DEBUG 29484 --- [main] org.hibernate.SQL                        : 
    alter table if exists dsa_chatbot_db.bootcamps 
       alter column updated_at set data type timestamp(6)
2025-11-12T11:48:56.950+04:00 DEBUG 29484 --- [main] org.hibernate.SQL                        : 
    alter table if exists dsa_chatbot_db.chat_sessions 
       alter column conversation_history set data type JSONB
2025-11-12T11:48:56.951+04:00 DEBUG 29484 --- [main] org.hibernate.SQL                        : 
    alter table if exists dsa_chatbot_db.chat_sessions 
       alter column created_at set data type timestamp(6)
2025-11-12T11:48:56.952+04:00 DEBUG 29484 --- [main] org.hibernate.SQL                        : 
    alter table if exists dsa_chatbot_db.chat_sessions 
       alter column expires_at set data type timestamp(6)
2025-11-12T11:48:56.953+04:00 DEBUG 29484 --- [main] org.hibernate.SQL                        : 
    alter table if exists dsa_chatbot_db.chat_sessions 
       alter column last_activity set data type timestamp(6)
2025-11-12T11:48:56.954+04:00 DEBUG 29484 --- [main] org.hibernate.SQL                        : 
    alter table if exists dsa_chatbot_db.chat_sessions 
       alter column user_data set data type JSONB
2025-11-12T11:48:56.954+04:00 DEBUG 29484 --- [main] org.hibernate.SQL                        : 
    alter table if exists dsa_chatbot_db.faq 
       alter column answer set data type TEXT
2025-11-12T11:48:56.958+04:00 DEBUG 29484 --- [main] org.hibernate.SQL                        : 
    alter table if exists dsa_chatbot_db.faq 
       alter column answer_en set data type TEXT
2025-11-12T11:48:56.958+04:00 DEBUG 29484 --- [main] org.hibernate.SQL                        : 
    alter table if exists dsa_chatbot_db.faq 
       alter column created_at set data type timestamp(6)
2025-11-12T11:48:56.959+04:00 DEBUG 29484 --- [main] org.hibernate.SQL                        : 
    alter table if exists dsa_chatbot_db.faq 
       alter column question set data type TEXT
2025-11-12T11:48:56.961+04:00 DEBUG 29484 --- [main] org.hibernate.SQL                        : 
    alter table if exists dsa_chatbot_db.faq 
       alter column question_en set data type TEXT
2025-11-12T11:48:56.961+04:00 DEBUG 29484 --- [main] org.hibernate.SQL                        : 
    alter table if exists dsa_chatbot_db.faq 
       alter column updated_at set data type timestamp(6)
2025-11-12T11:48:56.962+04:00 DEBUG 29484 --- [main] org.hibernate.SQL                        : 
    alter table if exists dsa_chatbot_db.graduates 
       alter column created_at set data type timestamp(6)
2025-11-12T11:48:56.963+04:00 DEBUG 29484 --- [main] org.hibernate.SQL                        : 
    alter table if exists dsa_chatbot_db.leads 
       alter column created_at set data type timestamp(6)
2025-11-12T11:48:56.963+04:00 DEBUG 29484 --- [main] org.hibernate.SQL                        : 
    alter table if exists dsa_chatbot_db.leads 
       alter column message set data type TEXT
2025-11-12T11:48:56.964+04:00 DEBUG 29484 --- [main] org.hibernate.SQL                        : 
    alter table if exists dsa_chatbot_db.metinler 
       alter column certificates set data type TEXT
2025-11-12T11:48:56.965+04:00 DEBUG 29484 --- [main] org.hibernate.SQL                        : 
    alter table if exists dsa_chatbot_db.metinler 
       alter column created_at set data type timestamp(6)
2025-11-12T11:48:56.965+04:00 DEBUG 29484 --- [main] org.hibernate.SQL                        : 
    alter table if exists dsa_chatbot_db.metinler 
       alter column description set data type TEXT
2025-11-12T11:48:56.965+04:00 DEBUG 29484 --- [main] org.hibernate.SQL                        : 
    alter table if exists dsa_chatbot_db.metinler 
       alter column for_who set data type TEXT
2025-11-12T11:48:56.966+04:00 DEBUG 29484 --- [main] org.hibernate.SQL                        : 
    alter table if exists dsa_chatbot_db.metinler 
       alter column information set data type TEXT
2025-11-12T11:48:56.966+04:00 DEBUG 29484 --- [main] org.hibernate.SQL                        : 
    alter table if exists dsa_chatbot_db.metinler 
       alter column updated_at set data type timestamp(6)
2025-11-12T11:48:56.966+04:00 DEBUG 29484 --- [main] org.hibernate.SQL                        : 
    alter table if exists dsa_chatbot_db.trainers 
       alter column created_at set data type timestamp(6)
2025-11-12T11:48:56.967+04:00 DEBUG 29484 --- [main] org.hibernate.SQL                        : 
    alter table if exists dsa_chatbot_db.trainers 
       alter column info set data type TEXT
2025-11-12T11:48:56.967+04:00 DEBUG 29484 --- [main] org.hibernate.SQL                        : 
    alter table if exists dsa_chatbot_db.trainers 
       alter column updated_at set data type timestamp(6)
2025-11-12T11:48:56.968+04:00 DEBUG 29484 --- [main] org.hibernate.SQL                        : 
    alter table if exists dsa_chatbot_db.training_details 
       alter column certificates set data type TEXT
2025-11-12T11:48:56.968+04:00 DEBUG 29484 --- [main] org.hibernate.SQL                        : 
    alter table if exists dsa_chatbot_db.training_details 
       alter column created_at set data type timestamp(6)
2025-11-12T11:48:56.969+04:00 DEBUG 29484 --- [main] org.hibernate.SQL                        : 
    alter table if exists dsa_chatbot_db.training_details 
       alter column description set data type TEXT
2025-11-12T11:48:56.971+04:00 DEBUG 29484 --- [main] org.hibernate.SQL                        : 
    alter table if exists dsa_chatbot_db.training_details 
       alter column for_who set data type TEXT
2025-11-12T11:48:56.972+04:00 DEBUG 29484 --- [main] org.hibernate.SQL                        : 
    alter table if exists dsa_chatbot_db.training_details 
       alter column information set data type TEXT
2025-11-12T11:48:56.972+04:00 DEBUG 29484 --- [main] org.hibernate.SQL                        : 
    alter table if exists dsa_chatbot_db.training_details 
       alter column updated_at set data type timestamp(6)
2025-11-12T11:48:56.973+04:00 DEBUG 29484 --- [main] org.hibernate.SQL                        : 
    alter table if exists dsa_chatbot_db.training_sessions 
       alter column created_at set data type timestamp(6)
2025-11-12T11:48:56.974+04:00 DEBUG 29484 --- [main] org.hibernate.SQL                        : 
    alter table if exists dsa_chatbot_db.training_sessions 
       alter column session_hour set data type time(6)
2025-11-12T11:48:56.974+04:00 DEBUG 29484 --- [main] org.hibernate.SQL                        : 
    alter table if exists dsa_chatbot_db.training_sessions 
       alter column updated_at set data type timestamp(6)
2025-11-12T11:48:56.975+04:00 DEBUG 29484 --- [main] org.hibernate.SQL                        : 
    alter table if exists dsa_chatbot_db.trainings 
       alter column created_at set data type timestamp(6)
2025-11-12T11:48:56.975+04:00 DEBUG 29484 --- [main] org.hibernate.SQL                        : 
    alter table if exists dsa_chatbot_db.trainings 
       alter column updated_at set data type timestamp(6)
2025-11-12T11:48:57.030+04:00  INFO 29484 --- [main] j.LocalContainerEntityManagerFactoryBean : Initialized JPA EntityManagerFactory for persistence unit 'default'
2025-11-12T11:48:57.377+04:00  INFO 29484 --- [main] o.s.d.j.r.query.QueryEnhancerFactory     : Hibernate is in classpath; If applicable, HQL parser will be used.
2025-11-12T11:48:57.852+04:00  WARN 29484 --- [main] ConfigServletWebServerApplicationContext : Exception encountered during context initialization - cancelling refresh attempt: org.springframework.beans.factory.UnsatisfiedDependencyException: Error creating bean with name 'chatController': Unsatisfied dependency expressed through field 'chatService': Error creating bean with name 'chatServiceImpl': Unsatisfied dependency expressed through field 'graduateService': No qualifying bean of type 'az.dsa.chatbot.service.GraduateService' available: expected at least 1 bean which qualifies as autowire candidate. Dependency annotations: {@org.springframework.beans.factory.annotation.Autowired(required=true)}
2025-11-12T11:48:57.852+04:00  INFO 29484 --- [main] j.LocalContainerEntityManagerFactoryBean : Closing JPA EntityManagerFactory for persistence unit 'default'
2025-11-12T11:48:57.853+04:00  INFO 29484 --- [main] com.zaxxer.hikari.HikariDataSource       : HikariPool-1 - Shutdown initiated...
2025-11-12T11:48:57.855+04:00  INFO 29484 --- [main] com.zaxxer.hikari.HikariDataSource       : HikariPool-1 - Shutdown completed.
2025-11-12T11:48:57.857+04:00  INFO 29484 --- [main] o.apache.catalina.core.StandardService   : Stopping service [Tomcat]
2025-11-12T11:48:57.869+04:00  INFO 29484 --- [main] .s.b.a.l.ConditionEvaluationReportLogger : 

Error starting ApplicationContext. To display the condition evaluation report re-run your application with 'debug' enabled.
2025-11-12T11:48:57.887+04:00 ERROR 29484 --- [main] o.s.b.d.LoggingFailureAnalysisReporter   : 

***************************
APPLICATION FAILED TO START
***************************

Description:

Field graduateService in az.dsa.chatbot.service.impl.ChatServiceImpl required a bean of type 'az.dsa.chatbot.service.GraduateService' that could not be found.

The injection point has the following annotations:
	- @org.springframework.beans.factory.annotation.Autowired(required=true)


Action:

Consider defining a bean of type 'az.dsa.chatbot.service.GraduateService' in your configuration.

2025-11-12T11:49:29.574+04:00  INFO 25620 --- [main] az.dsa.chatbot.DsaChatbotApplication     : Starting DsaChatbotApplication using Java 21.0.3 with PID 25620 (C:\Users\Ogtay Safaraliyev\git\DSAChatbotApp\DsaChatbotApplication\target\classes started by Ogtay Safaraliyev in C:\Users\Ogtay Safaraliyev\git\DSAChatbotApp\DsaChatbotApplication)
2025-11-12T11:49:29.576+04:00  INFO 25620 --- [main] az.dsa.chatbot.DsaChatbotApplication     : No active profile set, falling back to 1 default profile: "default"
2025-11-12T11:49:30.238+04:00  INFO 25620 --- [main] .s.d.r.c.RepositoryConfigurationDelegate : Bootstrapping Spring Data JPA repositories in DEFAULT mode.
2025-11-12T11:49:30.301+04:00  INFO 25620 --- [main] .s.d.r.c.RepositoryConfigurationDelegate : Finished Spring Data repository scanning in 57 ms. Found 11 JPA repository interfaces.
2025-11-12T11:49:30.691+04:00  INFO 25620 --- [main] o.s.b.w.embedded.tomcat.TomcatWebServer  : Tomcat initialized with port(s): 8081 (http)
2025-11-12T11:49:30.697+04:00  INFO 25620 --- [main] o.apache.catalina.core.StandardService   : Starting service [Tomcat]
2025-11-12T11:49:30.697+04:00  INFO 25620 --- [main] o.apache.catalina.core.StandardEngine    : Starting Servlet engine: [Apache Tomcat/10.1.8]
2025-11-12T11:49:30.776+04:00  INFO 25620 --- [main] o.a.c.c.C.[Tomcat].[localhost].[/]       : Initializing Spring embedded WebApplicationContext
2025-11-12T11:49:30.776+04:00  INFO 25620 --- [main] w.s.c.ServletWebServerApplicationContext : Root WebApplicationContext: initialization completed in 1171 ms
2025-11-12T11:49:30.936+04:00  INFO 25620 --- [main] o.hibernate.jpa.internal.util.LogHelper  : HHH000204: Processing PersistenceUnitInfo [name: default]
2025-11-12T11:49:30.977+04:00  INFO 25620 --- [main] org.hibernate.Version                    : HHH000412: Hibernate ORM core version 6.2.2.Final
2025-11-12T11:49:30.979+04:00  INFO 25620 --- [main] org.hibernate.cfg.Environment            : HHH000406: Using bytecode reflection optimizer
2025-11-12T11:49:31.082+04:00  INFO 25620 --- [main] o.h.b.i.BytecodeProviderInitiator        : HHH000021: Bytecode provider name : bytebuddy
2025-11-12T11:49:31.180+04:00  INFO 25620 --- [main] o.s.o.j.p.SpringPersistenceUnitInfo      : No LoadTimeWeaver setup: ignoring JPA class transformer
2025-11-12T11:49:31.194+04:00  INFO 25620 --- [main] com.zaxxer.hikari.HikariDataSource       : HikariPool-1 - Starting...
2025-11-12T11:49:31.309+04:00  INFO 25620 --- [main] com.zaxxer.hikari.pool.HikariPool        : HikariPool-1 - Added connection org.postgresql.jdbc.PgConnection@42d0e41
2025-11-12T11:49:31.310+04:00  INFO 25620 --- [main] com.zaxxer.hikari.HikariDataSource       : HikariPool-1 - Start completed.
2025-11-12T11:49:31.334+04:00  INFO 25620 --- [main] org.hibernate.orm.dialect                : HHH035001: Using dialect: org.hibernate.dialect.PostgreSQLDialect, version: org.hibernate.engine.jdbc.env.internal.JdbcEnvironmentInitiator$DialectResolutionInfoImpl@12e2f5ab
2025-11-12T11:49:31.528+04:00  INFO 25620 --- [main] o.h.b.i.BytecodeProviderInitiator        : HHH000021: Bytecode provider name : bytebuddy
2025-11-12T11:49:32.140+04:00  INFO 25620 --- [main] o.h.e.t.j.p.i.JtaPlatformInitiator       : HHH000490: Using JtaPlatform implementation: [org.hibernate.engine.transaction.jta.platform.internal.NoJtaPlatform]
2025-11-12T11:49:32.180+04:00 DEBUG 25620 --- [main] org.hibernate.SQL                        : 
    alter table if exists dsa_chatbot_db.bootcamp_types 
       alter column created_at set data type timestamp(6)
2025-11-12T11:49:32.186+04:00 DEBUG 25620 --- [main] org.hibernate.SQL                        : 
    alter table if exists dsa_chatbot_db.bootcamp_types 
       alter column updated_at set data type timestamp(6)
2025-11-12T11:49:32.187+04:00 DEBUG 25620 --- [main] org.hibernate.SQL                        : 
    alter table if exists dsa_chatbot_db.bootcamps 
       alter column created_at set data type timestamp(6)
2025-11-12T11:49:32.187+04:00 DEBUG 25620 --- [main] org.hibernate.SQL                        : 
    alter table if exists dsa_chatbot_db.bootcamps 
       alter column updated_at set data type timestamp(6)
2025-11-12T11:49:32.188+04:00 DEBUG 25620 --- [main] org.hibernate.SQL                        : 
    alter table if exists dsa_chatbot_db.chat_sessions 
       alter column conversation_history set data type JSONB
2025-11-12T11:49:32.189+04:00 DEBUG 25620 --- [main] org.hibernate.SQL                        : 
    alter table if exists dsa_chatbot_db.chat_sessions 
       alter column created_at set data type timestamp(6)
2025-11-12T11:49:32.189+04:00 DEBUG 25620 --- [main] org.hibernate.SQL                        : 
    alter table if exists dsa_chatbot_db.chat_sessions 
       alter column expires_at set data type timestamp(6)
2025-11-12T11:49:32.191+04:00 DEBUG 25620 --- [main] org.hibernate.SQL                        : 
    alter table if exists dsa_chatbot_db.chat_sessions 
       alter column last_activity set data type timestamp(6)
2025-11-12T11:49:32.192+04:00 DEBUG 25620 --- [main] org.hibernate.SQL                        : 
    alter table if exists dsa_chatbot_db.chat_sessions 
       alter column user_data set data type JSONB
2025-11-12T11:49:32.192+04:00 DEBUG 25620 --- [main] org.hibernate.SQL                        : 
    alter table if exists dsa_chatbot_db.faq 
       alter column answer set data type TEXT
2025-11-12T11:49:32.196+04:00 DEBUG 25620 --- [main] org.hibernate.SQL                        : 
    alter table if exists dsa_chatbot_db.faq 
       alter column answer_en set data type TEXT
2025-11-12T11:49:32.197+04:00 DEBUG 25620 --- [main] org.hibernate.SQL                        : 
    alter table if exists dsa_chatbot_db.faq 
       alter column created_at set data type timestamp(6)
2025-11-12T11:49:32.197+04:00 DEBUG 25620 --- [main] org.hibernate.SQL                        : 
    alter table if exists dsa_chatbot_db.faq 
       alter column question set data type TEXT
2025-11-12T11:49:32.200+04:00 DEBUG 25620 --- [main] org.hibernate.SQL                        : 
    alter table if exists dsa_chatbot_db.faq 
       alter column question_en set data type TEXT
2025-11-12T11:49:32.200+04:00 DEBUG 25620 --- [main] org.hibernate.SQL                        : 
    alter table if exists dsa_chatbot_db.faq 
       alter column updated_at set data type timestamp(6)
2025-11-12T11:49:32.201+04:00 DEBUG 25620 --- [main] org.hibernate.SQL                        : 
    alter table if exists dsa_chatbot_db.graduates 
       alter column created_at set data type timestamp(6)
2025-11-12T11:49:32.202+04:00 DEBUG 25620 --- [main] org.hibernate.SQL                        : 
    alter table if exists dsa_chatbot_db.leads 
       alter column created_at set data type timestamp(6)
2025-11-12T11:49:32.203+04:00 DEBUG 25620 --- [main] org.hibernate.SQL                        : 
    alter table if exists dsa_chatbot_db.leads 
       alter column message set data type TEXT
2025-11-12T11:49:32.203+04:00 DEBUG 25620 --- [main] org.hibernate.SQL                        : 
    alter table if exists dsa_chatbot_db.metinler 
       alter column certificates set data type TEXT
2025-11-12T11:49:32.204+04:00 DEBUG 25620 --- [main] org.hibernate.SQL                        : 
    alter table if exists dsa_chatbot_db.metinler 
       alter column created_at set data type timestamp(6)
2025-11-12T11:49:32.204+04:00 DEBUG 25620 --- [main] org.hibernate.SQL                        : 
    alter table if exists dsa_chatbot_db.metinler 
       alter column description set data type TEXT
2025-11-12T11:49:32.204+04:00 DEBUG 25620 --- [main] org.hibernate.SQL                        : 
    alter table if exists dsa_chatbot_db.metinler 
       alter column for_who set data type TEXT
2025-11-12T11:49:32.205+04:00 DEBUG 25620 --- [main] org.hibernate.SQL                        : 
    alter table if exists dsa_chatbot_db.metinler 
       alter column information set data type TEXT
2025-11-12T11:49:32.205+04:00 DEBUG 25620 --- [main] org.hibernate.SQL                        : 
    alter table if exists dsa_chatbot_db.metinler 
       alter column updated_at set data type timestamp(6)
2025-11-12T11:49:32.205+04:00 DEBUG 25620 --- [main] org.hibernate.SQL                        : 
    alter table if exists dsa_chatbot_db.trainers 
       alter column created_at set data type timestamp(6)
2025-11-12T11:49:32.206+04:00 DEBUG 25620 --- [main] org.hibernate.SQL                        : 
    alter table if exists dsa_chatbot_db.trainers 
       alter column info set data type TEXT
2025-11-12T11:49:32.206+04:00 DEBUG 25620 --- [main] org.hibernate.SQL                        : 
    alter table if exists dsa_chatbot_db.trainers 
       alter column updated_at set data type timestamp(6)
2025-11-12T11:49:32.207+04:00 DEBUG 25620 --- [main] org.hibernate.SQL                        : 
    alter table if exists dsa_chatbot_db.training_details 
       alter column certificates set data type TEXT
2025-11-12T11:49:32.207+04:00 DEBUG 25620 --- [main] org.hibernate.SQL                        : 
    alter table if exists dsa_chatbot_db.training_details 
       alter column created_at set data type timestamp(6)
2025-11-12T11:49:32.208+04:00 DEBUG 25620 --- [main] org.hibernate.SQL                        : 
    alter table if exists dsa_chatbot_db.training_details 
       alter column description set data type TEXT
2025-11-12T11:49:32.211+04:00 DEBUG 25620 --- [main] org.hibernate.SQL                        : 
    alter table if exists dsa_chatbot_db.training_details 
       alter column for_who set data type TEXT
2025-11-12T11:49:32.211+04:00 DEBUG 25620 --- [main] org.hibernate.SQL                        : 
    alter table if exists dsa_chatbot_db.training_details 
       alter column information set data type TEXT
2025-11-12T11:49:32.212+04:00 DEBUG 25620 --- [main] org.hibernate.SQL                        : 
    alter table if exists dsa_chatbot_db.training_details 
       alter column updated_at set data type timestamp(6)
2025-11-12T11:49:32.213+04:00 DEBUG 25620 --- [main] org.hibernate.SQL                        : 
    alter table if exists dsa_chatbot_db.training_sessions 
       alter column created_at set data type timestamp(6)
2025-11-12T11:49:32.213+04:00 DEBUG 25620 --- [main] org.hibernate.SQL                        : 
    alter table if exists dsa_chatbot_db.training_sessions 
       alter column session_hour set data type time(6)
2025-11-12T11:49:32.214+04:00 DEBUG 25620 --- [main] org.hibernate.SQL                        : 
    alter table if exists dsa_chatbot_db.training_sessions 
       alter column updated_at set data type timestamp(6)
2025-11-12T11:49:32.214+04:00 DEBUG 25620 --- [main] org.hibernate.SQL                        : 
    alter table if exists dsa_chatbot_db.trainings 
       alter column created_at set data type timestamp(6)
2025-11-12T11:49:32.215+04:00 DEBUG 25620 --- [main] org.hibernate.SQL                        : 
    alter table if exists dsa_chatbot_db.trainings 
       alter column updated_at set data type timestamp(6)
2025-11-12T11:49:32.270+04:00  INFO 25620 --- [main] j.LocalContainerEntityManagerFactoryBean : Initialized JPA EntityManagerFactory for persistence unit 'default'
2025-11-12T11:49:32.621+04:00  INFO 25620 --- [main] o.s.d.j.r.query.QueryEnhancerFactory     : Hibernate is in classpath; If applicable, HQL parser will be used.
2025-11-12T11:49:33.214+04:00  WARN 25620 --- [main] JpaBaseConfiguration$JpaWebConfiguration : spring.jpa.open-in-view is enabled by default. Therefore, database queries may be performed during view rendering. Explicitly configure spring.jpa.open-in-view to disable this warning
2025-11-12T11:49:33.750+04:00  INFO 25620 --- [main] o.s.b.a.e.web.EndpointLinksResolver      : Exposing 2 endpoint(s) beneath base path '/actuator'
2025-11-12T11:49:33.810+04:00  INFO 25620 --- [main] o.s.b.w.embedded.tomcat.TomcatWebServer  : Tomcat started on port(s): 8081 (http) with context path ''
2025-11-12T11:49:33.819+04:00  INFO 25620 --- [scheduling-1] a.d.c.service.impl.SessionServiceImpl    : Starting expired sessions cleanup...
2025-11-12T11:49:33.820+04:00  INFO 25620 --- [main] az.dsa.chatbot.DsaChatbotApplication     : Started DsaChatbotApplication in 4.522 seconds (process running for 5.074)
2025-11-12T11:49:34.322+04:00  INFO 25620 --- [RMI TCP Connection(4)-127.0.0.1] o.a.c.c.C.[Tomcat].[localhost].[/]       : Initializing Spring DispatcherServlet 'dispatcherServlet'
2025-11-12T11:49:34.322+04:00  INFO 25620 --- [RMI TCP Connection(4)-127.0.0.1] o.s.web.servlet.DispatcherServlet        : Initializing Servlet 'dispatcherServlet'
2025-11-12T11:49:34.323+04:00  INFO 25620 --- [RMI TCP Connection(4)-127.0.0.1] o.s.web.servlet.DispatcherServlet        : Completed initialization in 1 ms
2025-11-12T12:49:33.896+04:00  INFO 25620 --- [scheduling-1] a.d.c.service.impl.SessionServiceImpl    : Starting expired sessions cleanup...
2025-11-12T13:30:20.599+04:00  INFO 25620 --- [RMI TCP Connection(106)-127.0.0.1] inMXBeanRegistrar$SpringApplicationAdmin : Application shutdown requested.
2025-11-12T13:30:20.745+04:00  INFO 25620 --- [RMI TCP Connection(106)-127.0.0.1] o.apache.catalina.core.StandardService   : Stopping service [Tomcat]
2025-11-12T13:30:20.769+04:00  INFO 25620 --- [RMI TCP Connection(106)-127.0.0.1] o.a.c.c.C.[Tomcat].[localhost].[/]       : Destroying Spring FrameworkServlet 'dispatcherServlet'
2025-11-12T13:30:20.923+04:00  INFO 25620 --- [RMI TCP Connection(106)-127.0.0.1] j.LocalContainerEntityManagerFactoryBean : Closing JPA EntityManagerFactory for persistence unit 'default'
2025-11-12T13:30:20.972+04:00  INFO 25620 --- [RMI TCP Connection(106)-127.0.0.1] com.zaxxer.hikari.HikariDataSource       : HikariPool-1 - Shutdown initiated...
2025-11-12T13:30:20.985+04:00  INFO 25620 --- [RMI TCP Connection(106)-127.0.0.1] com.zaxxer.hikari.HikariDataSource       : HikariPool-1 - Shutdown completed.
